<?xml version="1.0" encoding="UTF-8"?>
<testng-results ignored="0" total="7" passed="7" failed="0" skipped="0">
  <reporter-output>
  </reporter-output>
  <suite started-at="2023-10-11T15:32:00 PKT" name="All Test Suite" finished-at="2023-10-11T15:32:00 PKT" duration-ms="275">
    <groups>
    </groups>
    <test started-at="2023-10-11T15:32:00 PKT" name="C:/Users/user/IdeaProjects/TestNG-Project" finished-at="2023-10-11T15:32:00 PKT" duration-ms="275">
      <class name="FirstTestCase">
        <test-method is-config="true" signature="beforeSuit()[pri:0, instance:FirstTestCase@3d299e3]" started-at="2023-10-11T15:31:59 PKT" name="beforeSuit" finished-at="2023-10-11T15:31:59 PKT" duration-ms="25" status="PASS">
          <reporter-output>
          </reporter-output>
        </test-method> <!-- beforeSuit -->
        <test-method is-config="true" signature="beforeTest()[pri:0, instance:FirstTestCase@3d299e3]" started-at="2023-10-11T15:32:00 PKT" name="beforeTest" finished-at="2023-10-11T15:32:00 PKT" duration-ms="3" status="PASS">
          <reporter-output>
          </reporter-output>
        </test-method> <!-- beforeTest -->
        <test-method is-config="true" signature="beforeClass()[pri:0, instance:FirstTestCase@3d299e3]" started-at="2023-10-11T15:32:00 PKT" name="beforeClass" finished-at="2023-10-11T15:32:00 PKT" duration-ms="3" status="PASS">
          <reporter-output>
          </reporter-output>
        </test-method> <!-- beforeClass -->
        <test-method is-config="true" signature="beforeMethod()[pri:0, instance:FirstTestCase@3d299e3]" started-at="2023-10-11T15:32:00 PKT" name="beforeMethod" finished-at="2023-10-11T15:32:00 PKT" duration-ms="4" status="PASS">
          <reporter-output>
          </reporter-output>
        </test-method> <!-- beforeMethod -->
        <test-method signature="setup()[pri:1, instance:FirstTestCase@3d299e3]" started-at="2023-10-11T15:32:00 PKT" name="setup" finished-at="2023-10-11T15:32:00 PKT" duration-ms="2" status="PASS">
          <reporter-output>
          </reporter-output>
        </test-method> <!-- setup -->
        <test-method is-config="true" signature="afterMethod()[pri:0, instance:FirstTestCase@3d299e3]" started-at="2023-10-11T15:32:00 PKT" name="afterMethod" finished-at="2023-10-11T15:32:00 PKT" duration-ms="1" status="PASS">
          <reporter-output>
          </reporter-output>
        </test-method> <!-- afterMethod -->
        <test-method is-config="true" signature="beforeMethod()[pri:0, instance:FirstTestCase@3d299e3]" started-at="2023-10-11T15:32:00 PKT" name="beforeMethod" finished-at="2023-10-11T15:32:00 PKT" duration-ms="0" status="PASS">
          <reporter-output>
          </reporter-output>
        </test-method> <!-- beforeMethod -->
        <test-method signature="login()[pri:2, instance:FirstTestCase@3d299e3]" started-at="2023-10-11T15:32:00 PKT" name="login" finished-at="2023-10-11T15:32:00 PKT" duration-ms="2" status="PASS">
          <reporter-output>
          </reporter-output>
        </test-method> <!-- login -->
        <test-method is-config="true" signature="afterMethod()[pri:0, instance:FirstTestCase@3d299e3]" started-at="2023-10-11T15:32:00 PKT" name="afterMethod" finished-at="2023-10-11T15:32:00 PKT" duration-ms="4" status="PASS">
          <reporter-output>
          </reporter-output>
        </test-method> <!-- afterMethod -->
        <test-method is-config="true" signature="beforeMethod()[pri:0, instance:FirstTestCase@3d299e3]" started-at="2023-10-11T15:32:00 PKT" name="beforeMethod" finished-at="2023-10-11T15:32:00 PKT" duration-ms="1" status="PASS">
          <reporter-output>
          </reporter-output>
        </test-method> <!-- beforeMethod -->
        <test-method signature="teardown()[pri:3, instance:FirstTestCase@3d299e3]" started-at="2023-10-11T15:32:00 PKT" name="teardown" finished-at="2023-10-11T15:32:00 PKT" duration-ms="2" status="PASS">
          <reporter-output>
          </reporter-output>
        </test-method> <!-- teardown -->
        <test-method is-config="true" signature="afterMethod()[pri:0, instance:FirstTestCase@3d299e3]" started-at="2023-10-11T15:32:00 PKT" name="afterMethod" finished-at="2023-10-11T15:32:00 PKT" duration-ms="2" status="PASS">
          <reporter-output>
          </reporter-output>
        </test-method> <!-- afterMethod -->
        <test-method is-config="true" signature="afterClass()[pri:0, instance:FirstTestCase@3d299e3]" started-at="2023-10-11T15:32:00 PKT" name="afterClass" finished-at="2023-10-11T15:32:00 PKT" duration-ms="3" status="PASS">
          <reporter-output>
          </reporter-output>
        </test-method> <!-- afterClass -->
        <test-method is-config="true" signature="afterTest()[pri:0, instance:FirstTestCase@3d299e3]" started-at="2023-10-11T15:32:00 PKT" name="afterTest" finished-at="2023-10-11T15:32:00 PKT" duration-ms="2" status="PASS">
          <reporter-output>
          </reporter-output>
        </test-method> <!-- afterTest -->
        <test-method is-config="true" signature="afterSuit()[pri:0, instance:FirstTestCase@3d299e3]" started-at="2023-10-11T15:32:00 PKT" name="afterSuit" finished-at="2023-10-11T15:32:00 PKT" duration-ms="2" status="PASS">
          <reporter-output>
          </reporter-output>
        </test-method> <!-- afterSuit -->
      </class> <!-- FirstTestCase -->
      <class name="SecondTestCase">
        <test-method is-config="true" signature="beforeSuit()[pri:0, instance:SecondTestCase@475e586c]" started-at="2023-10-11T15:31:59 PKT" name="beforeSuit" finished-at="2023-10-11T15:32:00 PKT" duration-ms="2" status="PASS">
          <reporter-output>
          </reporter-output>
        </test-method> <!-- beforeSuit -->
        <test-method is-config="true" signature="beforeTest()[pri:0, instance:SecondTestCase@475e586c]" started-at="2023-10-11T15:32:00 PKT" name="beforeTest" finished-at="2023-10-11T15:32:00 PKT" duration-ms="1" status="PASS">
          <reporter-output>
          </reporter-output>
        </test-method> <!-- beforeTest -->
        <test-method is-config="true" signature="beforeClass()[pri:0, instance:SecondTestCase@475e586c]" started-at="2023-10-11T15:32:00 PKT" name="beforeClass" finished-at="2023-10-11T15:32:00 PKT" duration-ms="6" status="PASS">
          <reporter-output>
          </reporter-output>
        </test-method> <!-- beforeClass -->
        <test-method is-config="true" signature="beforeMethod()[pri:0, instance:SecondTestCase@475e586c]" started-at="2023-10-11T15:32:00 PKT" name="beforeMethod" finished-at="2023-10-11T15:32:00 PKT" duration-ms="3" status="PASS">
          <reporter-output>
          </reporter-output>
        </test-method> <!-- beforeMethod -->
        <test-method signature="setup()[pri:1, instance:SecondTestCase@475e586c]" started-at="2023-10-11T15:32:00 PKT" name="setup" finished-at="2023-10-11T15:32:00 PKT" duration-ms="3" status="PASS">
          <reporter-output>
          </reporter-output>
        </test-method> <!-- setup -->
        <test-method is-config="true" signature="afterMethod()[pri:0, instance:SecondTestCase@475e586c]" started-at="2023-10-11T15:32:00 PKT" name="afterMethod" finished-at="2023-10-11T15:32:00 PKT" duration-ms="2" status="PASS">
          <reporter-output>
          </reporter-output>
        </test-method> <!-- afterMethod -->
        <test-method is-config="true" signature="beforeMethod()[pri:0, instance:SecondTestCase@475e586c]" started-at="2023-10-11T15:32:00 PKT" name="beforeMethod" finished-at="2023-10-11T15:32:00 PKT" duration-ms="1" status="PASS">
          <reporter-output>
          </reporter-output>
        </test-method> <!-- beforeMethod -->
        <test-method signature="addCustomer()[pri:2, instance:SecondTestCase@475e586c]" started-at="2023-10-11T15:32:00 PKT" name="addCustomer" finished-at="2023-10-11T15:32:00 PKT" duration-ms="1" status="PASS">
          <reporter-output>
          </reporter-output>
        </test-method> <!-- addCustomer -->
        <test-method is-config="true" signature="afterMethod()[pri:0, instance:SecondTestCase@475e586c]" started-at="2023-10-11T15:32:00 PKT" name="afterMethod" finished-at="2023-10-11T15:32:00 PKT" duration-ms="2" status="PASS">
          <reporter-output>
          </reporter-output>
        </test-method> <!-- afterMethod -->
        <test-method is-config="true" signature="beforeMethod()[pri:0, instance:SecondTestCase@475e586c]" started-at="2023-10-11T15:32:00 PKT" name="beforeMethod" finished-at="2023-10-11T15:32:00 PKT" duration-ms="1" status="PASS">
          <reporter-output>
          </reporter-output>
        </test-method> <!-- beforeMethod -->
        <test-method signature="searchCustomer()[pri:3, instance:SecondTestCase@475e586c]" started-at="2023-10-11T15:32:00 PKT" name="searchCustomer" finished-at="2023-10-11T15:32:00 PKT" duration-ms="3" status="PASS">
          <reporter-output>
          </reporter-output>
        </test-method> <!-- searchCustomer -->
        <test-method is-config="true" signature="afterMethod()[pri:0, instance:SecondTestCase@475e586c]" started-at="2023-10-11T15:32:00 PKT" name="afterMethod" finished-at="2023-10-11T15:32:00 PKT" duration-ms="1" status="PASS">
          <reporter-output>
          </reporter-output>
        </test-method> <!-- afterMethod -->
        <test-method is-config="true" signature="beforeMethod()[pri:0, instance:SecondTestCase@475e586c]" started-at="2023-10-11T15:32:00 PKT" name="beforeMethod" finished-at="2023-10-11T15:32:00 PKT" duration-ms="1" status="PASS">
          <reporter-output>
          </reporter-output>
        </test-method> <!-- beforeMethod -->
        <test-method signature="teardown()[pri:4, instance:SecondTestCase@475e586c]" started-at="2023-10-11T15:32:00 PKT" name="teardown" finished-at="2023-10-11T15:32:00 PKT" duration-ms="2" status="PASS">
          <reporter-output>
          </reporter-output>
        </test-method> <!-- teardown -->
        <test-method is-config="true" signature="afterMethod()[pri:0, instance:SecondTestCase@475e586c]" started-at="2023-10-11T15:32:00 PKT" name="afterMethod" finished-at="2023-10-11T15:32:00 PKT" duration-ms="1" status="PASS">
          <reporter-output>
          </reporter-output>
        </test-method> <!-- afterMethod -->
        <test-method is-config="true" signature="afterClass()[pri:0, instance:SecondTestCase@475e586c]" started-at="2023-10-11T15:32:00 PKT" name="afterClass" finished-at="2023-10-11T15:32:00 PKT" duration-ms="4" status="PASS">
          <reporter-output>
          </reporter-output>
        </test-method> <!-- afterClass -->
        <test-method is-config="true" signature="afterTest()[pri:0, instance:SecondTestCase@475e586c]" started-at="2023-10-11T15:32:00 PKT" name="afterTest" finished-at="2023-10-11T15:32:00 PKT" duration-ms="8" status="PASS">
          <reporter-output>
          </reporter-output>
        </test-method> <!-- afterTest -->
        <test-method is-config="true" signature="afterSuit()[pri:0, instance:SecondTestCase@475e586c]" started-at="2023-10-11T15:32:00 PKT" name="afterSuit" finished-at="2023-10-11T15:32:00 PKT" duration-ms="2" status="PASS">
          <reporter-output>
          </reporter-output>
        </test-method> <!-- afterSuit -->
      </class> <!-- SecondTestCase -->
    </test> <!-- C:/Users/user/IdeaProjects/TestNG-Project -->
  </suite> <!-- All Test Suite -->
</testng-results>
